[pipeline_entry] run_id=run-cd8133de163e output_dir=D:\Automation- Project 1\pipeline\runs
[PIPELINE ALERT SUPPRESSED] Support the project: Please consider sponsoring this project at:

https://github.com/sponsors/GodsScion


Launching Chrome using undetected Chrome with default profile.
IF YOU HAVE MORE THAN 10 TABS OPENED, PLEASE CLOSE OR BOOKMARK THEM! Or it's highly likely that application will just open browser and not do anything!
Logging in with a guest profile, Web history will not be saved!
LinkedIn auto login is disabled in secrets.py. Please log in manually before the bot continues.
[PIPELINE ALERT SUPPRESSED] Manual LinkedIn Login: Please login to LinkedIn manually in the opened browser window.

After the login is complete, click OK. The bot will then ask you to confirm the login before it starts applying.
Pipeline mode detected. Waiting for manual LinkedIn login in the opened Chrome window. The bot will keep checking for up to 180 seconds.
Timed out while waiting for manual LinkedIn login confirmation in pipeline mode.
LinkedIn login was not confirmed. Complete manual login in Chrome and keep the browser window open.
Total runs: 1
Jobs Applied: 0
External job links collected: 0
Total processed outcomes: 0
Failed jobs: 0
Irrelevant jobs skipped: 0



Total runs:                     1
Jobs Applied:                   0
External job links collected:   0
                              ----------
Total processed outcomes:       0

Failed jobs:                    0
Irrelevant jobs skipped:        0

[PIPELINE ALERT SUPPRESSED] Session ended: LinkedIn login was not confirmed. Complete manual login in Chrome and keep the browser window open.

The only way to do great work is to love what you do. If you haven't found it yet, keep looking. Don't settle. - Steve Jobs (Not a sponsor)



You can also get your quote and name shown here, or prioritize your bug reports by supporting the project at:

https://github.com/sponsors/GodsScion


Summary:
Total runs: 1
Jobs Applied: 0
External job links collected: 0
Total processed outcomes: 0
Failed jobs: 0
Irrelevant jobs skipped: 0



Best regards,
Sai Vignesh Golla
https://www.linkedin.com/in/saivigneshgolla/

Top Sponsors:
Be the first to have your name here!
LinkedIn login was not confirmed. Complete manual login in Chrome and keep the browser window open.

The only way to do great work is to love what you do. If you haven't found it yet, keep looking. Don't settle. - Steve Jobs (Not a sponsor)



You can also get your quote and name shown here, or prioritize your bug reports by supporting the project at:

https://github.com/sponsors/GodsScion


Summary:
Total runs: 1
Jobs Applied: 0
External job links collected: 0
Total processed outcomes: 0
Failed jobs: 0
Irrelevant jobs skipped: 0



Best regards,
Sai Vignesh Golla
https://www.linkedin.com/in/saivigneshgolla/

Top Sponsors:
Be the first to have your name here!
Closing the browser...
{"run_id": "run-cd8133de163e", "output_dir": "D:\\Automation- Project 1\\pipeline\\runs", "exit_code": 1, "session_end_reason": "LinkedIn login was not confirmed. Complete manual login in Chrome and keep the browser window open.", "unexpected_failure": true, "jobs_applied": 0, "external_links_logged": 0, "rows_written_to_applied_csv": 0, "rows_written_to_external_csv": 0, "rows_missing_hr_profile": 0, "failed_jobs": 0, "skipped_jobs": 0, "total_runs": 1, "pipeline_mode": true}
