[pipeline_entry] run_id=run-ba06ad514837 output_dir=D:\Automation- Project 1\pipeline\runs
[PIPELINE ALERT SUPPRESSED] Support the project: Please consider sponsoring this project at:

https://github.com/sponsors/GodsScion


IF YOU HAVE MORE THAN 10 TABS OPENED, PLEASE CLOSE OR BOOKMARK THEM! Or it's highly likely that application will just open browser and not do anything!
Logging in with a guest profile, Web history will not be saved!
Downloading Chrome Driver... This may take some time. Undetected mode requires download every run!
Detected Chrome major version 146 for undetected-chromedriver
LinkedIn auto login is disabled in secrets.py. Please log in manually before the bot continues.
[PIPELINE ALERT SUPPRESSED] Manual LinkedIn Login: Please login to LinkedIn manually in the opened browser window.

After the login is complete, click OK. The bot will then ask you to confirm the login before it starts applying.
Seems like you're not logged in!
[PIPELINE ALERT SUPPRESSED] Login Required: After you successfully Log In, please click "Confirm Login" button below.
Seems like you're not logged in!
[PIPELINE ALERT SUPPRESSED] Login Required: After you successfully Log In, please click "Confirm Login" button below.
Seems like you're not logged in!
[PIPELINE ALERT SUPPRESSED] Login Required: After you successfully Log In, please click "Confirm Login" button below.
LinkedIn auto-login failed. Check credentials, captcha, 2FA, or checkpoint requirements.
Total runs: 1
Jobs Applied: 0
External job links collected: 0
Total processed outcomes: 0
Failed jobs: 0
Irrelevant jobs skipped: 0



Total runs:                     1
Jobs Applied:                   0
External job links collected:   0
                              ----------
Total processed outcomes:       0

Failed jobs:                    0
Irrelevant jobs skipped:        0

[PIPELINE ALERT SUPPRESSED] Session ended: LinkedIn auto-login failed. Check credentials, captcha, 2FA, or checkpoint requirements.

Every job is a self-portrait of the person who does it. Autograph your work with excellence. - Jessica Guidobono (Not a sponsor)



You can also get your quote and name shown here, or prioritize your bug reports by supporting the project at:

https://github.com/sponsors/GodsScion


Summary:
Total runs: 1
Jobs Applied: 0
External job links collected: 0
Total processed outcomes: 0
Failed jobs: 0
Irrelevant jobs skipped: 0



Best regards,
Sai Vignesh Golla
https://www.linkedin.com/in/saivigneshgolla/

Top Sponsors:
Be the first to have your name here!
LinkedIn auto-login failed. Check credentials, captcha, 2FA, or checkpoint requirements.

Every job is a self-portrait of the person who does it. Autograph your work with excellence. - Jessica Guidobono (Not a sponsor)



You can also get your quote and name shown here, or prioritize your bug reports by supporting the project at:

https://github.com/sponsors/GodsScion


Summary:
Total runs: 1
Jobs Applied: 0
External job links collected: 0
Total processed outcomes: 0
Failed jobs: 0
Irrelevant jobs skipped: 0



Best regards,
Sai Vignesh Golla
https://www.linkedin.com/in/saivigneshgolla/

Top Sponsors:
Be the first to have your name here!
Closing the browser...
{"run_id": "run-ba06ad514837", "output_dir": "D:\\Automation- Project 1\\pipeline\\runs", "exit_code": 1, "session_end_reason": "LinkedIn auto-login failed. Check credentials, captcha, 2FA, or checkpoint requirements.", "unexpected_failure": true, "jobs_applied": 0, "external_links_logged": 0, "rows_written_to_applied_csv": 0, "rows_written_to_external_csv": 0, "rows_missing_hr_profile": 0, "failed_jobs": 0, "skipped_jobs": 0, "total_runs": 1, "pipeline_mode": true}
