[pipeline_entry] run_id=run-8565a8be923f output_dir=D:\Automation- Project 1\pipeline\runs
[PIPELINE ALERT SUPPRESSED] Support the project: Please consider sponsoring this project at:

https://github.com/sponsors/GodsScion


Launching Chrome using undetected Chrome with default profile.
IF YOU HAVE MORE THAN 10 TABS OPENED, PLEASE CLOSE OR BOOKMARK THEM! Or it's highly likely that application will just open browser and not do anything!
Logging in with a guest profile, Web history will not be saved!
LinkedIn auto login is disabled in secrets.py. Please log in manually before the bot continues.
[PIPELINE ALERT SUPPRESSED] Manual LinkedIn Login: Please login to LinkedIn manually in the opened browser window.

After the login is complete, click OK. The bot will then ask you to confirm the login before it starts applying.
Pipeline mode detected. Waiting for manual LinkedIn login in the opened Chrome window. The bot will keep checking for up to 180 seconds.
Browser window closed or session became invalid. Ending bot session.
Message: invalid session id: session deleted as the browser has closed the connection
from disconnected: not connected to DevTools
  (Session info: chrome=146.0.7680.180); For documentation on this error, please visit: https://www.selenium.dev/documentation/webdriver/troubleshooting/errors#invalidsessionidexception
Stacktrace:
	chromedriver!GetHandleVerifier [0x7ff6d73329c5+2ed785]
	chromedriver!GetHandleVerifier [0x7ff6d705a0d0+14e90]
	chromedriver!(No symbol) [0x7ff6d6dbdb2d]
	chromedriver!(No symbol) [0x7ff6d6da8ca2]
	chromedriver!(No symbol) [0x7ff6d6dcf416]
	chromedriver!(No symbol) [0x7ff6d6e470e0]
	chromedriver!(No symbol) [0x7ff6d6e63482]
	chromedriver!(No symbol) [0x7ff6d6e09298]
	chromedriver!(No symbol) [0x7ff6d6e0a183]
	chromedriver!GetHandleVerifier [0x7ff6d735de0d+318bcd]
	chromedriver!GetHandleVerifier [0x7ff6d7358588+313348]
	chromedriver!GetHandleVerifier [0x7ff6d7379d7a+334b3a]
	chromedriver!GetHandleVerifier [0x7ff6d7076785+31545]
	chromedriver!GetHandleVerifier [0x7ff6d707facc+3a88c]
	chromedriver!GetHandleVerifier [0x7ff6d7063634+1e3f4]
	chromedriver!GetHandleVerifier [0x7ff6d70637e6+1e5a6]
	chromedriver!GetHandleVerifier [0x7ff6d7047e37+2bf7]
	KERNEL32!BaseThreadInitThunk [0x7ff92a767374+14]
	ntdll!RtlUserThreadStart [0x7ff92badcc91+21]

Total runs: 1
Jobs Applied: 0
External job links collected: 0
Total processed outcomes: 0
Failed jobs: 0
Irrelevant jobs skipped: 0



Total runs:                     1
Jobs Applied:                   0
External job links collected:   0
                              ----------
Total processed outcomes:       0

Failed jobs:                    0
Irrelevant jobs skipped:        0

[PIPELINE ALERT SUPPRESSED] Session ended: Browser window closed or session became invalid.

If you're tired, learn to take rest but never give up. - Sai Vignesh Golla



You can also get your quote and name shown here, or prioritize your bug reports by supporting the project at:

https://github.com/sponsors/GodsScion


Summary:
Total runs: 1
Jobs Applied: 0
External job links collected: 0
Total processed outcomes: 0
Failed jobs: 0
Irrelevant jobs skipped: 0



Best regards,
Sai Vignesh Golla
https://www.linkedin.com/in/saivigneshgolla/

Top Sponsors:
Be the first to have your name here!
Browser window closed or session became invalid.

If you're tired, learn to take rest but never give up. - Sai Vignesh Golla



You can also get your quote and name shown here, or prioritize your bug reports by supporting the project at:

https://github.com/sponsors/GodsScion


Summary:
Total runs: 1
Jobs Applied: 0
External job links collected: 0
Total processed outcomes: 0
Failed jobs: 0
Irrelevant jobs skipped: 0



Best regards,
Sai Vignesh Golla
https://www.linkedin.com/in/saivigneshgolla/

Top Sponsors:
Be the first to have your name here!
Closing the browser...
LinkedIn stage summary: {'jobs_applied': 0, 'external_links_logged': 0, 'rows_written_to_applied_csv': 0, 'rows_written_to_external_csv': 0, 'rows_missing_hr_profile': 0, 'failed_jobs': 0, 'skipped_jobs': 0, 'total_runs': 1, 'pipeline_mode': True}
{"run_id": "run-8565a8be923f", "output_dir": "D:\\Automation- Project 1\\pipeline\\runs", "exit_code": 1, "session_end_reason": "Browser window closed or session became invalid.", "unexpected_failure": true, "jobs_applied": 0, "external_links_logged": 0, "rows_written_to_applied_csv": 0, "rows_written_to_external_csv": 0, "rows_missing_hr_profile": 0, "failed_jobs": 0, "skipped_jobs": 0, "total_runs": 1, "pipeline_mode": true}
